<?xml version="1.0" encoding="UTF-8"?>
<!-- Generated by org.testng.reporters.JUnitReportReporter -->
<testsuite hostname="DESKTOP-NQ2L7NS" failures="0" tests="3" name="Runner.Youtube_TestRun" time="45.662" errors="0" timestamp="22 Jun 2023 11:46:15 GMT" skipped="0">
  <testcase classname="Runner.Youtube_TestRun" name="runScenario" time="15.138"/>
  <testcase classname="Runner.Youtube_TestRun" name="runScenario" time="15.207"/>
  <testcase classname="Runner.Youtube_TestRun" name="runScenario" time="15.317"/>
</testsuite> <!-- Runner.Youtube_TestRun -->
